<?xml version="1.0" encoding="UTF-8"?>
<testsuite xmlns:xsi="http://www.w3.org/2001/XMLSchema-instance" xsi:noNamespaceSchemaLocation="https://maven.apache.org/surefire/maven-failsafe-plugin/xsd/failsafe-test-report-3.0.xsd" version="3.0" name="runner.MainTestRunner" time="61.892" tests="5" errors="0" skipped="0" failures="0">
  <properties>
    <property name="sun.desktop" value="windows"/>
    <property name="awt.toolkit" value="sun.awt.windows.WToolkit"/>
    <property name="file.encoding.pkg" value="sun.io"/>
    <property name="java.specification.version" value="1.8"/>
    <property name="sun.cpu.isalist" value="pentium_pro+mmx pentium_pro pentium+mmx pentium i486 i386 i86"/>
    <property name="sun.jnu.encoding" value="Cp1252"/>
    <property name="java.class.path" value="C:\Users\ADMIN\Downloads\SerenityGuru99v1-20220422T181238Z-001\SerenityGuru99v1\target\test-classes;C:\Users\ADMIN\Downloads\SerenityGuru99v1-20220422T181238Z-001\SerenityGuru99v1\target\serenity-web-pom-0.0.1-SNAPSHOT.jar;C:\Users\ADMIN\.m2\repository\net\serenity-bdd\serenity-core\2.4.24\serenity-core-2.4.24.jar;C:\Users\ADMIN\.m2\repository\net\serenity-bdd\serenity-model\2.4.24\serenity-model-2.4.24.jar;C:\Users\ADMIN\.m2\repository\org\apache\commons\commons-text\1.9\commons-text-1.9.jar;C:\Users\ADMIN\.m2\repository\commons-net\commons-net\3.6\commons-net-3.6.jar;C:\Users\ADMIN\.m2\repository\com\google\guava\guava\30.1-jre\guava-30.1-jre.jar;C:\Users\ADMIN\.m2\repository\com\google\guava\failureaccess\1.0.1\failureaccess-1.0.1.jar;C:\Users\ADMIN\.m2\repository\com\google\guava\listenablefuture\9999.0-empty-to-avoid-conflict-with-guava\listenablefuture-9999.0-empty-to-avoid-conflict-with-guava.jar;C:\Users\ADMIN\.m2\repository\com\google\code\findbugs\jsr305\3.0.2\jsr305-3.0.2.jar;C:\Users\ADMIN\.m2\repository\org\checkerframework\checker-qual\3.5.0\checker-qual-3.5.0.jar;C:\Users\ADMIN\.m2\repository\com\google\errorprone\error_prone_annotations\2.3.4\error_prone_annotations-2.3.4.jar;C:\Users\ADMIN\.m2\repository\com\google\j2objc\j2objc-annotations\1.3\j2objc-annotations-1.3.jar;C:\Users\ADMIN\.m2\repository\com\google\inject\guice\5.0.1\guice-5.0.1.jar;C:\Users\ADMIN\.m2\repository\javax\inject\javax.inject\1\javax.inject-1.jar;C:\Users\ADMIN\.m2\repository\aopalliance\aopalliance\1.0\aopalliance-1.0.jar;C:\Users\ADMIN\.m2\repository\com\thoughtworks\xstream\xstream\1.4.16\xstream-1.4.16.jar;C:\Users\ADMIN\.m2\repository\io\github\x-stream\mxparser\1.2.1\mxparser-1.2.1.jar;C:\Users\ADMIN\.m2\repository\xmlpull\xmlpull\1.1.3.1\xmlpull-1.1.3.1.jar;C:\Users\ADMIN\.m2\repository\io\cucumber\cucumber-core\6.10.2\cucumber-core-6.10.2.jar;C:\Users\ADMIN\.m2\repository\io\cucumber\cucumber-gherkin\6.10.2\cucumber-gherkin-6.10.2.jar;C:\Users\ADMIN\.m2\repository\io\cucumber\cucumber-gherkin-messages\6.10.2\cucumber-gherkin-messages-6.10.2.jar;C:\Users\ADMIN\.m2\repository\io\cucumber\messages\14.0.1\messages-14.0.1.jar;C:\Users\ADMIN\.m2\repository\io\cucumber\tag-expressions\3.0.0\tag-expressions-3.0.0.jar;C:\Users\ADMIN\.m2\repository\io\cucumber\cucumber-expressions\10.3.0\cucumber-expressions-10.3.0.jar;C:\Users\ADMIN\.m2\repository\io\cucumber\cucumber-plugin\6.10.2\cucumber-plugin-6.10.2.jar;C:\Users\ADMIN\.m2\repository\io\cucumber\docstring\6.10.2\docstring-6.10.2.jar;C:\Users\ADMIN\.m2\repository\io\cucumber\html-formatter\12.0.0\html-formatter-12.0.0.jar;C:\Users\ADMIN\.m2\repository\io\cucumber\create-meta\3.0.0\create-meta-3.0.0.jar;C:\Users\ADMIN\.m2\repository\com\typesafe\config\1.3.1\config-1.3.1.jar;C:\Users\ADMIN\.m2\repository\org\imgscalr\imgscalr-lib\4.2\imgscalr-lib-4.2.jar;C:\Users\ADMIN\.m2\repository\org\awaitility\awaitility\4.0.3\awaitility-4.0.3.jar;C:\Users\ADMIN\.m2\repository\org\freemarker\freemarker\2.3.29\freemarker-2.3.29.jar;C:\Users\ADMIN\.m2\repository\net\sourceforge\jexcelapi\jxl\2.6.12\jxl-2.6.12.jar;C:\Users\ADMIN\.m2\repository\org\asciidoctor\asciidoctorj\1.5.6\asciidoctorj-1.5.6.jar;C:\Users\ADMIN\.m2\repository\org\jruby\jruby-complete\1.7.26\jruby-complete-1.7.26.jar;C:\Users\ADMIN\.m2\repository\net\bytebuddy\byte-buddy\1.10.10\byte-buddy-1.10.10.jar;C:\Users\ADMIN\.m2\repository\net\bytebuddy\byte-buddy-agent\1.10.10\byte-buddy-agent-1.10.10.jar;C:\Users\ADMIN\.m2\repository\org\objenesis\objenesis\3.1\objenesis-3.1.jar;C:\Users\ADMIN\.m2\repository\net\serenity-bdd\serenity-reports\2.4.24\serenity-reports-2.4.24.jar;C:\Users\ADMIN\.m2\repository\net\serenity-bdd\serenity-stats\2.4.24\serenity-stats-2.4.24.jar;C:\Users\ADMIN\.m2\repository\net\serenity-bdd\serenity-reports-configuration\2.4.24\serenity-reports-configuration-2.4.24.jar;C:\Users\ADMIN\.m2\repository\com\vladsch\flexmark\flexmark-all\0.34.30\flexmark-all-0.34.30.jar;C:\Users\ADMIN\.m2\repository\com\vladsch\flexmark\flexmark\0.34.30\flexmark-0.34.30.jar;C:\Users\ADMIN\.m2\repository\com\vladsch\flexmark\flexmark-ext-abbreviation\0.34.30\flexmark-ext-abbreviation-0.34.30.jar;C:\Users\ADMIN\.m2\repository\com\vladsch\flexmark\flexmark-ext-admonition\0.34.30\flexmark-ext-admonition-0.34.30.jar;C:\Users\ADMIN\.m2\repository\com\vladsch\flexmark\flexmark-ext-anchorlink\0.34.30\flexmark-ext-anchorlink-0.34.30.jar;C:\Users\ADMIN\.m2\repository\com\vladsch\flexmark\flexmark-ext-aside\0.34.30\flexmark-ext-aside-0.34.30.jar;C:\Users\ADMIN\.m2\repository\com\vladsch\flexmark\flexmark-ext-attributes\0.34.30\flexmark-ext-attributes-0.34.30.jar;C:\Users\ADMIN\.m2\repository\com\vladsch\flexmark\flexmark-ext-autolink\0.34.30\flexmark-ext-autolink-0.34.30.jar;C:\Users\ADMIN\.m2\repository\org\nibor\autolink\autolink\0.6.0\autolink-0.6.0.jar;C:\Users\ADMIN\.m2\repository\com\vladsch\flexmark\flexmark-ext-definition\0.34.30\flexmark-ext-definition-0.34.30.jar;C:\Users\ADMIN\.m2\repository\com\vladsch\flexmark\flexmark-ext-emoji\0.34.30\flexmark-ext-emoji-0.34.30.jar;C:\Users\ADMIN\.m2\repository\com\vladsch\flexmark\flexmark-ext-enumerated-reference\0.34.30\flexmark-ext-enumerated-reference-0.34.30.jar;C:\Users\ADMIN\.m2\repository\com\vladsch\flexmark\flexmark-ext-escaped-character\0.34.30\flexmark-ext-escaped-character-0.34.30.jar;C:\Users\ADMIN\.m2\repository\com\vladsch\flexmark\flexmark-ext-footnotes\0.34.30\flexmark-ext-footnotes-0.34.30.jar;C:\Users\ADMIN\.m2\repository\com\vladsch\flexmark\flexmark-ext-gfm-issues\0.34.30\flexmark-ext-gfm-issues-0.34.30.jar;C:\Users\ADMIN\.m2\repository\com\vladsch\flexmark\flexmark-ext-gfm-strikethrough\0.34.30\flexmark-ext-gfm-strikethrough-0.34.30.jar;C:\Users\ADMIN\.m2\repository\com\vladsch\flexmark\flexmark-ext-gfm-tables\0.34.30\flexmark-ext-gfm-tables-0.34.30.jar;C:\Users\ADMIN\.m2\repository\com\vladsch\flexmark\flexmark-ext-gfm-tasklist\0.34.30\flexmark-ext-gfm-tasklist-0.34.30.jar;C:\Users\ADMIN\.m2\repository\com\vladsch\flexmark\flexmark-ext-gfm-users\0.34.30\flexmark-ext-gfm-users-0.34.30.jar;C:\Users\ADMIN\.m2\repository\com\vladsch\flexmark\flexmark-ext-gitlab\0.34.30\flexmark-ext-gitlab-0.34.30.jar;C:\Users\ADMIN\.m2\repository\com\vladsch\flexmark\flexmark-ext-jekyll-front-matter\0.34.30\flexmark-ext-jekyll-front-matter-0.34.30.jar;C:\Users\ADMIN\.m2\repository\com\vladsch\flexmark\flexmark-ext-jekyll-tag\0.34.30\flexmark-ext-jekyll-tag-0.34.30.jar;C:\Users\ADMIN\.m2\repository\com\vladsch\flexmark\flexmark-ext-media-tags\0.34.30\flexmark-ext-media-tags-0.34.30.jar;C:\Users\ADMIN\.m2\repository\com\vladsch\flexmark\flexmark-test-util\0.34.30\flexmark-test-util-0.34.30.jar;C:\Users\ADMIN\.m2\repository\com\vladsch\flexmark\flexmark-ext-ins\0.34.30\flexmark-ext-ins-0.34.30.jar;C:\Users\ADMIN\.m2\repository\com\vladsch\flexmark\flexmark-ext-xwiki-macros\0.34.30\flexmark-ext-xwiki-macros-0.34.30.jar;C:\Users\ADMIN\.m2\repository\com\vladsch\flexmark\flexmark-ext-superscript\0.34.30\flexmark-ext-superscript-0.34.30.jar;C:\Users\ADMIN\.m2\repository\com\vladsch\flexmark\flexmark-ext-tables\0.34.30\flexmark-ext-tables-0.34.30.jar;C:\Users\ADMIN\.m2\repository\com\vladsch\flexmark\flexmark-ext-toc\0.34.30\flexmark-ext-toc-0.34.30.jar;C:\Users\ADMIN\.m2\repository\com\vladsch\flexmark\flexmark-ext-typographic\0.34.30\flexmark-ext-typographic-0.34.30.jar;C:\Users\ADMIN\.m2\repository\com\vladsch\flexmark\flexmark-ext-wikilink\0.34.30\flexmark-ext-wikilink-0.34.30.jar;C:\Users\ADMIN\.m2\repository\com\vladsch\flexmark\flexmark-ext-yaml-front-matter\0.34.30\flexmark-ext-yaml-front-matter-0.34.30.jar;C:\Users\ADMIN\.m2\repository\com\vladsch\flexmark\flexmark-ext-youtube-embedded\0.34.30\flexmark-ext-youtube-embedded-0.34.30.jar;C:\Users\ADMIN\.m2\repository\com\vladsch\flexmark\flexmark-formatter\0.34.30\flexmark-formatter-0.34.30.jar;C:\Users\ADMIN\.m2\repository\com\vladsch\flexmark\flexmark-html-parser\0.34.30\flexmark-html-parser-0.34.30.jar;C:\Users\ADMIN\.m2\repository\com\vladsch\flexmark\flexmark-jira-converter\0.34.30\flexmark-jira-converter-0.34.30.jar;C:\Users\ADMIN\.m2\repository\com\vladsch\flexmark\flexmark-pdf-converter\0.34.30\flexmark-pdf-converter-0.34.30.jar;C:\Users\ADMIN\.m2\repository\com\openhtmltopdf\openhtmltopdf-core\0.0.1-RC13\openhtmltopdf-core-0.0.1-RC13.jar;C:\Users\ADMIN\.m2\repository\com\openhtmltopdf\openhtmltopdf-pdfbox\0.0.1-RC13\openhtmltopdf-pdfbox-0.0.1-RC13.jar;C:\Users\ADMIN\.m2\repository\org\apache\pdfbox\pdfbox\2.0.8\pdfbox-2.0.8.jar;C:\Users\ADMIN\.m2\repository\org\apache\pdfbox\fontbox\2.0.8\fontbox-2.0.8.jar;C:\Users\ADMIN\.m2\repository\org\apache\pdfbox\xmpbox\2.0.8\xmpbox-2.0.8.jar;C:\Users\ADMIN\.m2\repository\de\rototor\pdfbox\graphics2d\0.12\graphics2d-0.12.jar;C:\Users\ADMIN\.m2\repository\com\openhtmltopdf\openhtmltopdf-rtl-support\0.0.1-RC13\openhtmltopdf-rtl-support-0.0.1-RC13.jar;C:\Users\ADMIN\.m2\repository\com\ibm\icu\icu4j\59.1\icu4j-59.1.jar;C:\Users\ADMIN\.m2\repository\com\openhtmltopdf\openhtmltopdf-jsoup-dom-converter\0.0.1-RC13\openhtmltopdf-jsoup-dom-converter-0.0.1-RC13.jar;C:\Users\ADMIN\.m2\repository\com\vladsch\flexmark\flexmark-profile-pegdown\0.34.30\flexmark-profile-pegdown-0.34.30.jar;C:\Users\ADMIN\.m2\repository\com\vladsch\flexmark\flexmark-util\0.34.30\flexmark-util-0.34.30.jar;C:\Users\ADMIN\.m2\repository\com\vladsch\flexmark\flexmark-youtrack-converter\0.34.30\flexmark-youtrack-converter-0.34.30.jar;C:\Users\ADMIN\.m2\repository\es\nitaur\markdown\txtmark\0.16\txtmark-0.16.jar;C:\Users\ADMIN\.m2\repository\net\serenity-bdd\serenity-report-resources\2.4.24\serenity-report-resources-2.4.24.jar;C:\Users\ADMIN\.m2\repository\com\google\code\gson\gson\2.8.6\gson-2.8.6.jar;C:\Users\ADMIN\.m2\repository\commons-codec\commons-codec\1.15\commons-codec-1.15.jar;C:\Users\ADMIN\.m2\repository\commons-io\commons-io\2.8.0\commons-io-2.8.0.jar;C:\Users\ADMIN\.m2\repository\org\seleniumhq\selenium\selenium-server\3.141.59\selenium-server-3.141.59.jar;C:\Users\ADMIN\.m2\repository\org\seleniumhq\selenium\selenium-opera-driver\3.141.59\selenium-opera-driver-3.141.59.jar;C:\Users\ADMIN\.m2\repository\org\seleniumhq\selenium\selenium-remote-driver\3.141.59\selenium-remote-driver-3.141.59.jar;C:\Users\ADMIN\.m2\repository\org\seleniumhq\selenium\selenium-safari-driver\3.141.59\selenium-safari-driver-3.141.59.jar;C:\Users\ADMIN\.m2\repository\com\beust\jcommander\1.72\jcommander-1.72.jar;C:\Users\ADMIN\.m2\repository\org\apache\commons\commons-exec\1.3\commons-exec-1.3.jar;C:\Users\ADMIN\.m2\repository\net\jcip\jcip-annotations\1.0\jcip-annotations-1.0.jar;C:\Users\ADMIN\.m2\repository\org\seleniumhq\selenium\jetty-repacked\9.4.12.v20180830\jetty-repacked-9.4.12.v20180830.jar;C:\Users\ADMIN\.m2\repository\com\squareup\okhttp3\okhttp\3.11.0\okhttp-3.11.0.jar;C:\Users\ADMIN\.m2\repository\com\squareup\okio\okio\1.14.0\okio-1.14.0.jar;C:\Users\ADMIN\.m2\repository\javax\servlet\javax.servlet-api\3.1.0\javax.servlet-api-3.1.0.jar;C:\Users\ADMIN\.m2\repository\org\yaml\snakeyaml\1.19\snakeyaml-1.19.jar;C:\Users\ADMIN\.m2\repository\org\seleniumhq\selenium\selenium-java\3.141.59\selenium-java-3.141.59.jar;C:\Users\ADMIN\.m2\repository\org\seleniumhq\selenium\selenium-api\3.141.59\selenium-api-3.141.59.jar;C:\Users\ADMIN\.m2\repository\org\seleniumhq\selenium\selenium-support\3.141.59\selenium-support-3.141.59.jar;C:\Users\ADMIN\.m2\repository\org\seleniumhq\selenium\selenium-chrome-driver\3.141.59\selenium-chrome-driver-3.141.59.jar;C:\Users\ADMIN\.m2\repository\org\seleniumhq\selenium\selenium-firefox-driver\3.141.59\selenium-firefox-driver-3.141.59.jar;C:\Users\ADMIN\.m2\repository\org\seleniumhq\selenium\selenium-edge-driver\3.141.59\selenium-edge-driver-3.141.59.jar;C:\Users\ADMIN\.m2\repository\org\seleniumhq\selenium\selenium-ie-driver\3.141.59\selenium-ie-driver-3.141.59.jar;C:\Users\ADMIN\.m2\repository\net\sourceforge\htmlunit\htmlunit\2.47.1\htmlunit-2.47.1.jar;C:\Users\ADMIN\.m2\repository\xalan\xalan\2.7.2\xalan-2.7.2.jar;C:\Users\ADMIN\.m2\repository\xalan\serializer\2.7.2\serializer-2.7.2.jar;C:\Users\ADMIN\.m2\repository\org\apache\httpcomponents\httpmime\4.5.13\httpmime-4.5.13.jar;C:\Users\ADMIN\.m2\repository\org\apache\httpcomponents\httpclient\4.5.13\httpclient-4.5.13.jar;C:\Users\ADMIN\.m2\repository\org\apache\httpcomponents\httpcore\4.4.13\httpcore-4.4.13.jar;C:\Users\ADMIN\.m2\repository\net\sourceforge\htmlunit\htmlunit-core-js\2.47.0\htmlunit-core-js-2.47.0.jar;C:\Users\ADMIN\.m2\repository\net\sourceforge\htmlunit\neko-htmlunit\2.47.1\neko-htmlunit-2.47.1.jar;C:\Users\ADMIN\.m2\repository\xerces\xercesImpl\2.12.0\xercesImpl-2.12.0.jar;C:\Users\ADMIN\.m2\repository\xml-apis\xml-apis\1.4.01\xml-apis-1.4.01.jar;C:\Users\ADMIN\.m2\repository\net\sourceforge\htmlunit\htmlunit-cssparser\1.7.0\htmlunit-cssparser-1.7.0.jar;C:\Users\ADMIN\.m2\repository\org\brotli\dec\0.1.2\dec-0.1.2.jar;C:\Users\ADMIN\.m2\repository\com\shapesecurity\salvation2\3.0.0\salvation2-3.0.0.jar;C:\Users\ADMIN\.m2\repository\org\eclipse\jetty\websocket\websocket-client\9.4.36.v20210114\websocket-client-9.4.36.v20210114.jar;C:\Users\ADMIN\.m2\repository\org\eclipse\jetty\jetty-client\9.4.36.v20210114\jetty-client-9.4.36.v20210114.jar;C:\Users\ADMIN\.m2\repository\org\eclipse\jetty\jetty-http\9.4.36.v20210114\jetty-http-9.4.36.v20210114.jar;C:\Users\ADMIN\.m2\repository\org\eclipse\jetty\jetty-util\9.4.36.v20210114\jetty-util-9.4.36.v20210114.jar;C:\Users\ADMIN\.m2\repository\org\eclipse\jetty\jetty-io\9.4.36.v20210114\jetty-io-9.4.36.v20210114.jar;C:\Users\ADMIN\.m2\repository\org\eclipse\jetty\websocket\websocket-common\9.4.36.v20210114\websocket-common-9.4.36.v20210114.jar;C:\Users\ADMIN\.m2\repository\org\eclipse\jetty\websocket\websocket-api\9.4.36.v20210114\websocket-api-9.4.36.v20210114.jar;C:\Users\ADMIN\.m2\repository\org\seleniumhq\selenium\htmlunit-driver\2.47.1\htmlunit-driver-2.47.1.jar;C:\Users\ADMIN\.m2\repository\com\codeborne\phantomjsdriver\1.4.4\phantomjsdriver-1.4.4.jar;C:\Users\ADMIN\.m2\repository\io\appium\java-client\7.5.1\java-client-7.5.1.jar;C:\Users\ADMIN\.m2\repository\commons-validator\commons-validator\1.7\commons-validator-1.7.jar;C:\Users\ADMIN\.m2\repository\commons-digester\commons-digester\2.1\commons-digester-2.1.jar;C:\Users\ADMIN\.m2\repository\org\aspectj\aspectjweaver\1.9.6\aspectjweaver-1.9.6.jar;C:\Users\ADMIN\.m2\repository\org\codehaus\groovy\groovy\3.0.8\groovy-3.0.8.jar;C:\Users\ADMIN\.m2\repository\net\sf\opencsv\opencsv\2.0\opencsv-2.0.jar;C:\Users\ADMIN\.m2\repository\commons-beanutils\commons-beanutils\1.9.4\commons-beanutils-1.9.4.jar;C:\Users\ADMIN\.m2\repository\org\apache\commons\commons-lang3\3.11\commons-lang3-3.11.jar;C:\Users\ADMIN\.m2\repository\commons-collections\commons-collections\3.2.2\commons-collections-3.2.2.jar;C:\Users\ADMIN\.m2\repository\org\fluentlenium\fluentlenium-core\0.10.2\fluentlenium-core-0.10.2.jar;C:\Users\ADMIN\.m2\repository\com\jhlabs\filters\2.0.235\filters-2.0.235.jar;C:\Users\ADMIN\.m2\repository\com\assertthat\selenium-shutterbug\1.4\selenium-shutterbug-1.4.jar;C:\Users\ADMIN\.m2\repository\com\github\zafarkhaja\java-semver\0.9.0\java-semver-0.9.0.jar;C:\Users\ADMIN\.m2\repository\ru\yandex\qatools\ashot\ashot\1.5.4\ashot-1.5.4.jar;C:\Users\ADMIN\.m2\repository\com\paulhammant\ngwebdriver\1.1.5\ngwebdriver-1.1.5.jar;C:\Users\ADMIN\.m2\repository\joda-time\joda-time\2.8.2\joda-time-2.8.2.jar;C:\Users\ADMIN\.m2\repository\org\hamcrest\hamcrest\2.2\hamcrest-2.2.jar;C:\Users\ADMIN\.m2\repository\com\google\jimfs\jimfs\1.1\jimfs-1.1.jar;C:\Users\ADMIN\.m2\repository\org\mockito\mockito-core\3.3.3\mockito-core-3.3.3.jar;C:\Users\ADMIN\.m2\repository\javax\xml\bind\jaxb-api\2.3.1\jaxb-api-2.3.1.jar;C:\Users\ADMIN\.m2\repository\javax\activation\javax.activation-api\1.2.0\javax.activation-api-1.2.0.jar;C:\Users\ADMIN\.m2\repository\com\sun\xml\bind\jaxb-core\2.3.0.1\jaxb-core-2.3.0.1.jar;C:\Users\ADMIN\.m2\repository\com\sun\xml\bind\jaxb-impl\2.3.3\jaxb-impl-2.3.3.jar;C:\Users\ADMIN\.m2\repository\jakarta\xml\bind\jakarta.xml.bind-api\2.3.3\jakarta.xml.bind-api-2.3.3.jar;C:\Users\ADMIN\.m2\repository\com\sun\activation\jakarta.activation\1.2.2\jakarta.activation-1.2.2.jar;C:\Users\ADMIN\.m2\repository\javax\activation\activation\1.1.1\activation-1.1.1.jar;C:\Users\ADMIN\.m2\repository\net\serenity-bdd\serenity-cucumber6\2.4.24\serenity-cucumber6-2.4.24.jar;C:\Users\ADMIN\.m2\repository\io\cucumber\cucumber-java\6.10.2\cucumber-java-6.10.2.jar;C:\Users\ADMIN\.m2\repository\org\apiguardian\apiguardian-api\1.1.1\apiguardian-api-1.1.1.jar;C:\Users\ADMIN\.m2\repository\io\cucumber\cucumber-junit\6.10.2\cucumber-junit-6.10.2.jar;C:\Users\ADMIN\.m2\repository\io\cucumber\datatable-matchers\3.4.0\datatable-matchers-3.4.0.jar;C:\Users\ADMIN\.m2\repository\io\cucumber\datatable\3.4.0\datatable-3.4.0.jar;C:\Users\ADMIN\.m2\repository\commons-logging\commons-logging\1.2\commons-logging-1.2.jar;C:\Users\ADMIN\.m2\repository\org\apache\commons\commons-csv\1.5\commons-csv-1.5.jar;C:\Users\ADMIN\.m2\repository\net\serenity-bdd\serenity-screenplay\2.4.24\serenity-screenplay-2.4.24.jar;C:\Users\ADMIN\.m2\repository\net\serenity-bdd\serenity-screenplay-webdriver\2.4.24\serenity-screenplay-webdriver-2.4.24.jar;C:\Users\ADMIN\.m2\repository\net\serenity-bdd\serenity-ensure\2.4.24\serenity-ensure-2.4.24.jar;C:\Users\ADMIN\.m2\repository\net\serenity-bdd\serenity-junit\2.4.24\serenity-junit-2.4.24.jar;C:\Users\ADMIN\.m2\repository\org\jetbrains\kotlin\kotlin-stdlib\1.4.31\kotlin-stdlib-1.4.31.jar;C:\Users\ADMIN\.m2\repository\org\jetbrains\kotlin\kotlin-stdlib-common\1.4.31\kotlin-stdlib-common-1.4.31.jar;C:\Users\ADMIN\.m2\repository\org\jetbrains\annotations\13.0\annotations-13.0.jar;C:\Users\ADMIN\.m2\repository\junit\junit\4.13.1\junit-4.13.1.jar;C:\Users\ADMIN\.m2\repository\org\hamcrest\hamcrest-core\1.3\hamcrest-core-1.3.jar;C:\Users\ADMIN\.m2\repository\org\projectlombok\lombok\1.18.12\lombok-1.18.12.jar;C:\Users\ADMIN\.m2\repository\ch\qos\logback\logback-classic\1.0.13\logback-classic-1.0.13.jar;C:\Users\ADMIN\.m2\repository\ch\qos\logback\logback-core\1.0.13\logback-core-1.0.13.jar;C:\Users\ADMIN\.m2\repository\org\slf4j\slf4j-api\1.7.5\slf4j-api-1.7.5.jar;C:\Users\ADMIN\.m2\repository\org\assertj\assertj-core\3.6.2\assertj-core-3.6.2.jar;C:\Users\ADMIN\.m2\repository\io\github\bonigarcia\webdrivermanager\4.4.3\webdrivermanager-4.4.3.jar;C:\Users\ADMIN\.m2\repository\org\apache\httpcomponents\client5\httpclient5\5.0.3\httpclient5-5.0.3.jar;C:\Users\ADMIN\.m2\repository\org\apache\httpcomponents\core5\httpcore5\5.0.2\httpcore5-5.0.2.jar;C:\Users\ADMIN\.m2\repository\org\apache\httpcomponents\core5\httpcore5-h2\5.0.2\httpcore5-h2-5.0.2.jar;C:\Users\ADMIN\.m2\repository\org\rauschig\jarchivelib\1.1.0\jarchivelib-1.1.0.jar;C:\Users\ADMIN\.m2\repository\org\apache\commons\commons-compress\1.20\commons-compress-1.20.jar;C:\Users\ADMIN\.m2\repository\org\jsoup\jsoup\1.13.1\jsoup-1.13.1.jar;C:\Users\ADMIN\.m2\repository\org\hamcrest\hamcrest-all\1.3\hamcrest-all-1.3.jar;"/>
    <property name="java.vm.vendor" value="Oracle Corporation"/>
    <property name="sun.arch.data.model" value="32"/>
    <property name="user.variant" value=""/>
    <property name="java.vendor.url" value="http://java.oracle.com/"/>
    <property name="user.timezone" value="Asia/Bangkok"/>
    <property name="java.vm.specification.version" value="1.8"/>
    <property name="os.name" value="Windows 10"/>
    <property name="user.country" value="US"/>
    <property name="sun.java.launcher" value="SUN_STANDARD"/>
    <property name="sun.boot.library.path" value="C:\Program Files (x86)\Java\jdk1.8.0_202\jre\bin"/>
    <property name="sun.java.command" value="C:\Users\ADMIN\AppData\Local\Temp\surefire3076815969538672427\surefirebooter8251714946949443796.jar C:\Users\ADMIN\AppData\Local\Temp\surefire3076815969538672427 2022-04-25T21-46-48_489-jvmRun1 surefire262866275422902337tmp surefire_0580561214780857412tmp"/>
    <property name="surefire.test.class.path" value="C:\Users\ADMIN\Downloads\SerenityGuru99v1-20220422T181238Z-001\SerenityGuru99v1\target\test-classes;C:\Users\ADMIN\Downloads\SerenityGuru99v1-20220422T181238Z-001\SerenityGuru99v1\target\serenity-web-pom-0.0.1-SNAPSHOT.jar;C:\Users\ADMIN\.m2\repository\net\serenity-bdd\serenity-core\2.4.24\serenity-core-2.4.24.jar;C:\Users\ADMIN\.m2\repository\net\serenity-bdd\serenity-model\2.4.24\serenity-model-2.4.24.jar;C:\Users\ADMIN\.m2\repository\org\apache\commons\commons-text\1.9\commons-text-1.9.jar;C:\Users\ADMIN\.m2\repository\commons-net\commons-net\3.6\commons-net-3.6.jar;C:\Users\ADMIN\.m2\repository\com\google\guava\guava\30.1-jre\guava-30.1-jre.jar;C:\Users\ADMIN\.m2\repository\com\google\guava\failureaccess\1.0.1\failureaccess-1.0.1.jar;C:\Users\ADMIN\.m2\repository\com\google\guava\listenablefuture\9999.0-empty-to-avoid-conflict-with-guava\listenablefuture-9999.0-empty-to-avoid-conflict-with-guava.jar;C:\Users\ADMIN\.m2\repository\com\google\code\findbugs\jsr305\3.0.2\jsr305-3.0.2.jar;C:\Users\ADMIN\.m2\repository\org\checkerframework\checker-qual\3.5.0\checker-qual-3.5.0.jar;C:\Users\ADMIN\.m2\repository\com\google\errorprone\error_prone_annotations\2.3.4\error_prone_annotations-2.3.4.jar;C:\Users\ADMIN\.m2\repository\com\google\j2objc\j2objc-annotations\1.3\j2objc-annotations-1.3.jar;C:\Users\ADMIN\.m2\repository\com\google\inject\guice\5.0.1\guice-5.0.1.jar;C:\Users\ADMIN\.m2\repository\javax\inject\javax.inject\1\javax.inject-1.jar;C:\Users\ADMIN\.m2\repository\aopalliance\aopalliance\1.0\aopalliance-1.0.jar;C:\Users\ADMIN\.m2\repository\com\thoughtworks\xstream\xstream\1.4.16\xstream-1.4.16.jar;C:\Users\ADMIN\.m2\repository\io\github\x-stream\mxparser\1.2.1\mxparser-1.2.1.jar;C:\Users\ADMIN\.m2\repository\xmlpull\xmlpull\1.1.3.1\xmlpull-1.1.3.1.jar;C:\Users\ADMIN\.m2\repository\io\cucumber\cucumber-core\6.10.2\cucumber-core-6.10.2.jar;C:\Users\ADMIN\.m2\repository\io\cucumber\cucumber-gherkin\6.10.2\cucumber-gherkin-6.10.2.jar;C:\Users\ADMIN\.m2\repository\io\cucumber\cucumber-gherkin-messages\6.10.2\cucumber-gherkin-messages-6.10.2.jar;C:\Users\ADMIN\.m2\repository\io\cucumber\messages\14.0.1\messages-14.0.1.jar;C:\Users\ADMIN\.m2\repository\io\cucumber\tag-expressions\3.0.0\tag-expressions-3.0.0.jar;C:\Users\ADMIN\.m2\repository\io\cucumber\cucumber-expressions\10.3.0\cucumber-expressions-10.3.0.jar;C:\Users\ADMIN\.m2\repository\io\cucumber\cucumber-plugin\6.10.2\cucumber-plugin-6.10.2.jar;C:\Users\ADMIN\.m2\repository\io\cucumber\docstring\6.10.2\docstring-6.10.2.jar;C:\Users\ADMIN\.m2\repository\io\cucumber\html-formatter\12.0.0\html-formatter-12.0.0.jar;C:\Users\ADMIN\.m2\repository\io\cucumber\create-meta\3.0.0\create-meta-3.0.0.jar;C:\Users\ADMIN\.m2\repository\com\typesafe\config\1.3.1\config-1.3.1.jar;C:\Users\ADMIN\.m2\repository\org\imgscalr\imgscalr-lib\4.2\imgscalr-lib-4.2.jar;C:\Users\ADMIN\.m2\repository\org\awaitility\awaitility\4.0.3\awaitility-4.0.3.jar;C:\Users\ADMIN\.m2\repository\org\freemarker\freemarker\2.3.29\freemarker-2.3.29.jar;C:\Users\ADMIN\.m2\repository\net\sourceforge\jexcelapi\jxl\2.6.12\jxl-2.6.12.jar;C:\Users\ADMIN\.m2\repository\org\asciidoctor\asciidoctorj\1.5.6\asciidoctorj-1.5.6.jar;C:\Users\ADMIN\.m2\repository\org\jruby\jruby-complete\1.7.26\jruby-complete-1.7.26.jar;C:\Users\ADMIN\.m2\repository\net\bytebuddy\byte-buddy\1.10.10\byte-buddy-1.10.10.jar;C:\Users\ADMIN\.m2\repository\net\bytebuddy\byte-buddy-agent\1.10.10\byte-buddy-agent-1.10.10.jar;C:\Users\ADMIN\.m2\repository\org\objenesis\objenesis\3.1\objenesis-3.1.jar;C:\Users\ADMIN\.m2\repository\net\serenity-bdd\serenity-reports\2.4.24\serenity-reports-2.4.24.jar;C:\Users\ADMIN\.m2\repository\net\serenity-bdd\serenity-stats\2.4.24\serenity-stats-2.4.24.jar;C:\Users\ADMIN\.m2\repository\net\serenity-bdd\serenity-reports-configuration\2.4.24\serenity-reports-configuration-2.4.24.jar;C:\Users\ADMIN\.m2\repository\com\vladsch\flexmark\flexmark-all\0.34.30\flexmark-all-0.34.30.jar;C:\Users\ADMIN\.m2\repository\com\vladsch\flexmark\flexmark\0.34.30\flexmark-0.34.30.jar;C:\Users\ADMIN\.m2\repository\com\vladsch\flexmark\flexmark-ext-abbreviation\0.34.30\flexmark-ext-abbreviation-0.34.30.jar;C:\Users\ADMIN\.m2\repository\com\vladsch\flexmark\flexmark-ext-admonition\0.34.30\flexmark-ext-admonition-0.34.30.jar;C:\Users\ADMIN\.m2\repository\com\vladsch\flexmark\flexmark-ext-anchorlink\0.34.30\flexmark-ext-anchorlink-0.34.30.jar;C:\Users\ADMIN\.m2\repository\com\vladsch\flexmark\flexmark-ext-aside\0.34.30\flexmark-ext-aside-0.34.30.jar;C:\Users\ADMIN\.m2\repository\com\vladsch\flexmark\flexmark-ext-attributes\0.34.30\flexmark-ext-attributes-0.34.30.jar;C:\Users\ADMIN\.m2\repository\com\vladsch\flexmark\flexmark-ext-autolink\0.34.30\flexmark-ext-autolink-0.34.30.jar;C:\Users\ADMIN\.m2\repository\org\nibor\autolink\autolink\0.6.0\autolink-0.6.0.jar;C:\Users\ADMIN\.m2\repository\com\vladsch\flexmark\flexmark-ext-definition\0.34.30\flexmark-ext-definition-0.34.30.jar;C:\Users\ADMIN\.m2\repository\com\vladsch\flexmark\flexmark-ext-emoji\0.34.30\flexmark-ext-emoji-0.34.30.jar;C:\Users\ADMIN\.m2\repository\com\vladsch\flexmark\flexmark-ext-enumerated-reference\0.34.30\flexmark-ext-enumerated-reference-0.34.30.jar;C:\Users\ADMIN\.m2\repository\com\vladsch\flexmark\flexmark-ext-escaped-character\0.34.30\flexmark-ext-escaped-character-0.34.30.jar;C:\Users\ADMIN\.m2\repository\com\vladsch\flexmark\flexmark-ext-footnotes\0.34.30\flexmark-ext-footnotes-0.34.30.jar;C:\Users\ADMIN\.m2\repository\com\vladsch\flexmark\flexmark-ext-gfm-issues\0.34.30\flexmark-ext-gfm-issues-0.34.30.jar;C:\Users\ADMIN\.m2\repository\com\vladsch\flexmark\flexmark-ext-gfm-strikethrough\0.34.30\flexmark-ext-gfm-strikethrough-0.34.30.jar;C:\Users\ADMIN\.m2\repository\com\vladsch\flexmark\flexmark-ext-gfm-tables\0.34.30\flexmark-ext-gfm-tables-0.34.30.jar;C:\Users\ADMIN\.m2\repository\com\vladsch\flexmark\flexmark-ext-gfm-tasklist\0.34.30\flexmark-ext-gfm-tasklist-0.34.30.jar;C:\Users\ADMIN\.m2\repository\com\vladsch\flexmark\flexmark-ext-gfm-users\0.34.30\flexmark-ext-gfm-users-0.34.30.jar;C:\Users\ADMIN\.m2\repository\com\vladsch\flexmark\flexmark-ext-gitlab\0.34.30\flexmark-ext-gitlab-0.34.30.jar;C:\Users\ADMIN\.m2\repository\com\vladsch\flexmark\flexmark-ext-jekyll-front-matter\0.34.30\flexmark-ext-jekyll-front-matter-0.34.30.jar;C:\Users\ADMIN\.m2\repository\com\vladsch\flexmark\flexmark-ext-jekyll-tag\0.34.30\flexmark-ext-jekyll-tag-0.34.30.jar;C:\Users\ADMIN\.m2\repository\com\vladsch\flexmark\flexmark-ext-media-tags\0.34.30\flexmark-ext-media-tags-0.34.30.jar;C:\Users\ADMIN\.m2\repository\com\vladsch\flexmark\flexmark-test-util\0.34.30\flexmark-test-util-0.34.30.jar;C:\Users\ADMIN\.m2\repository\com\vladsch\flexmark\flexmark-ext-ins\0.34.30\flexmark-ext-ins-0.34.30.jar;C:\Users\ADMIN\.m2\repository\com\vladsch\flexmark\flexmark-ext-xwiki-macros\0.34.30\flexmark-ext-xwiki-macros-0.34.30.jar;C:\Users\ADMIN\.m2\repository\com\vladsch\flexmark\flexmark-ext-superscript\0.34.30\flexmark-ext-superscript-0.34.30.jar;C:\Users\ADMIN\.m2\repository\com\vladsch\flexmark\flexmark-ext-tables\0.34.30\flexmark-ext-tables-0.34.30.jar;C:\Users\ADMIN\.m2\repository\com\vladsch\flexmark\flexmark-ext-toc\0.34.30\flexmark-ext-toc-0.34.30.jar;C:\Users\ADMIN\.m2\repository\com\vladsch\flexmark\flexmark-ext-typographic\0.34.30\flexmark-ext-typographic-0.34.30.jar;C:\Users\ADMIN\.m2\repository\com\vladsch\flexmark\flexmark-ext-wikilink\0.34.30\flexmark-ext-wikilink-0.34.30.jar;C:\Users\ADMIN\.m2\repository\com\vladsch\flexmark\flexmark-ext-yaml-front-matter\0.34.30\flexmark-ext-yaml-front-matter-0.34.30.jar;C:\Users\ADMIN\.m2\repository\com\vladsch\flexmark\flexmark-ext-youtube-embedded\0.34.30\flexmark-ext-youtube-embedded-0.34.30.jar;C:\Users\ADMIN\.m2\repository\com\vladsch\flexmark\flexmark-formatter\0.34.30\flexmark-formatter-0.34.30.jar;C:\Users\ADMIN\.m2\repository\com\vladsch\flexmark\flexmark-html-parser\0.34.30\flexmark-html-parser-0.34.30.jar;C:\Users\ADMIN\.m2\repository\com\vladsch\flexmark\flexmark-jira-converter\0.34.30\flexmark-jira-converter-0.34.30.jar;C:\Users\ADMIN\.m2\repository\com\vladsch\flexmark\flexmark-pdf-converter\0.34.30\flexmark-pdf-converter-0.34.30.jar;C:\Users\ADMIN\.m2\repository\com\openhtmltopdf\openhtmltopdf-core\0.0.1-RC13\openhtmltopdf-core-0.0.1-RC13.jar;C:\Users\ADMIN\.m2\repository\com\openhtmltopdf\openhtmltopdf-pdfbox\0.0.1-RC13\openhtmltopdf-pdfbox-0.0.1-RC13.jar;C:\Users\ADMIN\.m2\repository\org\apache\pdfbox\pdfbox\2.0.8\pdfbox-2.0.8.jar;C:\Users\ADMIN\.m2\repository\org\apache\pdfbox\fontbox\2.0.8\fontbox-2.0.8.jar;C:\Users\ADMIN\.m2\repository\org\apache\pdfbox\xmpbox\2.0.8\xmpbox-2.0.8.jar;C:\Users\ADMIN\.m2\repository\de\rototor\pdfbox\graphics2d\0.12\graphics2d-0.12.jar;C:\Users\ADMIN\.m2\repository\com\openhtmltopdf\openhtmltopdf-rtl-support\0.0.1-RC13\openhtmltopdf-rtl-support-0.0.1-RC13.jar;C:\Users\ADMIN\.m2\repository\com\ibm\icu\icu4j\59.1\icu4j-59.1.jar;C:\Users\ADMIN\.m2\repository\com\openhtmltopdf\openhtmltopdf-jsoup-dom-converter\0.0.1-RC13\openhtmltopdf-jsoup-dom-converter-0.0.1-RC13.jar;C:\Users\ADMIN\.m2\repository\com\vladsch\flexmark\flexmark-profile-pegdown\0.34.30\flexmark-profile-pegdown-0.34.30.jar;C:\Users\ADMIN\.m2\repository\com\vladsch\flexmark\flexmark-util\0.34.30\flexmark-util-0.34.30.jar;C:\Users\ADMIN\.m2\repository\com\vladsch\flexmark\flexmark-youtrack-converter\0.34.30\flexmark-youtrack-converter-0.34.30.jar;C:\Users\ADMIN\.m2\repository\es\nitaur\markdown\txtmark\0.16\txtmark-0.16.jar;C:\Users\ADMIN\.m2\repository\net\serenity-bdd\serenity-report-resources\2.4.24\serenity-report-resources-2.4.24.jar;C:\Users\ADMIN\.m2\repository\com\google\code\gson\gson\2.8.6\gson-2.8.6.jar;C:\Users\ADMIN\.m2\repository\commons-codec\commons-codec\1.15\commons-codec-1.15.jar;C:\Users\ADMIN\.m2\repository\commons-io\commons-io\2.8.0\commons-io-2.8.0.jar;C:\Users\ADMIN\.m2\repository\org\seleniumhq\selenium\selenium-server\3.141.59\selenium-server-3.141.59.jar;C:\Users\ADMIN\.m2\repository\org\seleniumhq\selenium\selenium-opera-driver\3.141.59\selenium-opera-driver-3.141.59.jar;C:\Users\ADMIN\.m2\repository\org\seleniumhq\selenium\selenium-remote-driver\3.141.59\selenium-remote-driver-3.141.59.jar;C:\Users\ADMIN\.m2\repository\org\seleniumhq\selenium\selenium-safari-driver\3.141.59\selenium-safari-driver-3.141.59.jar;C:\Users\ADMIN\.m2\repository\com\beust\jcommander\1.72\jcommander-1.72.jar;C:\Users\ADMIN\.m2\repository\org\apache\commons\commons-exec\1.3\commons-exec-1.3.jar;C:\Users\ADMIN\.m2\repository\net\jcip\jcip-annotations\1.0\jcip-annotations-1.0.jar;C:\Users\ADMIN\.m2\repository\org\seleniumhq\selenium\jetty-repacked\9.4.12.v20180830\jetty-repacked-9.4.12.v20180830.jar;C:\Users\ADMIN\.m2\repository\com\squareup\okhttp3\okhttp\3.11.0\okhttp-3.11.0.jar;C:\Users\ADMIN\.m2\repository\com\squareup\okio\okio\1.14.0\okio-1.14.0.jar;C:\Users\ADMIN\.m2\repository\javax\servlet\javax.servlet-api\3.1.0\javax.servlet-api-3.1.0.jar;C:\Users\ADMIN\.m2\repository\org\yaml\snakeyaml\1.19\snakeyaml-1.19.jar;C:\Users\ADMIN\.m2\repository\org\seleniumhq\selenium\selenium-java\3.141.59\selenium-java-3.141.59.jar;C:\Users\ADMIN\.m2\repository\org\seleniumhq\selenium\selenium-api\3.141.59\selenium-api-3.141.59.jar;C:\Users\ADMIN\.m2\repository\org\seleniumhq\selenium\selenium-support\3.141.59\selenium-support-3.141.59.jar;C:\Users\ADMIN\.m2\repository\org\seleniumhq\selenium\selenium-chrome-driver\3.141.59\selenium-chrome-driver-3.141.59.jar;C:\Users\ADMIN\.m2\repository\org\seleniumhq\selenium\selenium-firefox-driver\3.141.59\selenium-firefox-driver-3.141.59.jar;C:\Users\ADMIN\.m2\repository\org\seleniumhq\selenium\selenium-edge-driver\3.141.59\selenium-edge-driver-3.141.59.jar;C:\Users\ADMIN\.m2\repository\org\seleniumhq\selenium\selenium-ie-driver\3.141.59\selenium-ie-driver-3.141.59.jar;C:\Users\ADMIN\.m2\repository\net\sourceforge\htmlunit\htmlunit\2.47.1\htmlunit-2.47.1.jar;C:\Users\ADMIN\.m2\repository\xalan\xalan\2.7.2\xalan-2.7.2.jar;C:\Users\ADMIN\.m2\repository\xalan\serializer\2.7.2\serializer-2.7.2.jar;C:\Users\ADMIN\.m2\repository\org\apache\httpcomponents\httpmime\4.5.13\httpmime-4.5.13.jar;C:\Users\ADMIN\.m2\repository\org\apache\httpcomponents\httpclient\4.5.13\httpclient-4.5.13.jar;C:\Users\ADMIN\.m2\repository\org\apache\httpcomponents\httpcore\4.4.13\httpcore-4.4.13.jar;C:\Users\ADMIN\.m2\repository\net\sourceforge\htmlunit\htmlunit-core-js\2.47.0\htmlunit-core-js-2.47.0.jar;C:\Users\ADMIN\.m2\repository\net\sourceforge\htmlunit\neko-htmlunit\2.47.1\neko-htmlunit-2.47.1.jar;C:\Users\ADMIN\.m2\repository\xerces\xercesImpl\2.12.0\xercesImpl-2.12.0.jar;C:\Users\ADMIN\.m2\repository\xml-apis\xml-apis\1.4.01\xml-apis-1.4.01.jar;C:\Users\ADMIN\.m2\repository\net\sourceforge\htmlunit\htmlunit-cssparser\1.7.0\htmlunit-cssparser-1.7.0.jar;C:\Users\ADMIN\.m2\repository\org\brotli\dec\0.1.2\dec-0.1.2.jar;C:\Users\ADMIN\.m2\repository\com\shapesecurity\salvation2\3.0.0\salvation2-3.0.0.jar;C:\Users\ADMIN\.m2\repository\org\eclipse\jetty\websocket\websocket-client\9.4.36.v20210114\websocket-client-9.4.36.v20210114.jar;C:\Users\ADMIN\.m2\repository\org\eclipse\jetty\jetty-client\9.4.36.v20210114\jetty-client-9.4.36.v20210114.jar;C:\Users\ADMIN\.m2\repository\org\eclipse\jetty\jetty-http\9.4.36.v20210114\jetty-http-9.4.36.v20210114.jar;C:\Users\ADMIN\.m2\repository\org\eclipse\jetty\jetty-util\9.4.36.v20210114\jetty-util-9.4.36.v20210114.jar;C:\Users\ADMIN\.m2\repository\org\eclipse\jetty\jetty-io\9.4.36.v20210114\jetty-io-9.4.36.v20210114.jar;C:\Users\ADMIN\.m2\repository\org\eclipse\jetty\websocket\websocket-common\9.4.36.v20210114\websocket-common-9.4.36.v20210114.jar;C:\Users\ADMIN\.m2\repository\org\eclipse\jetty\websocket\websocket-api\9.4.36.v20210114\websocket-api-9.4.36.v20210114.jar;C:\Users\ADMIN\.m2\repository\org\seleniumhq\selenium\htmlunit-driver\2.47.1\htmlunit-driver-2.47.1.jar;C:\Users\ADMIN\.m2\repository\com\codeborne\phantomjsdriver\1.4.4\phantomjsdriver-1.4.4.jar;C:\Users\ADMIN\.m2\repository\io\appium\java-client\7.5.1\java-client-7.5.1.jar;C:\Users\ADMIN\.m2\repository\commons-validator\commons-validator\1.7\commons-validator-1.7.jar;C:\Users\ADMIN\.m2\repository\commons-digester\commons-digester\2.1\commons-digester-2.1.jar;C:\Users\ADMIN\.m2\repository\org\aspectj\aspectjweaver\1.9.6\aspectjweaver-1.9.6.jar;C:\Users\ADMIN\.m2\repository\org\codehaus\groovy\groovy\3.0.8\groovy-3.0.8.jar;C:\Users\ADMIN\.m2\repository\net\sf\opencsv\opencsv\2.0\opencsv-2.0.jar;C:\Users\ADMIN\.m2\repository\commons-beanutils\commons-beanutils\1.9.4\commons-beanutils-1.9.4.jar;C:\Users\ADMIN\.m2\repository\org\apache\commons\commons-lang3\3.11\commons-lang3-3.11.jar;C:\Users\ADMIN\.m2\repository\commons-collections\commons-collections\3.2.2\commons-collections-3.2.2.jar;C:\Users\ADMIN\.m2\repository\org\fluentlenium\fluentlenium-core\0.10.2\fluentlenium-core-0.10.2.jar;C:\Users\ADMIN\.m2\repository\com\jhlabs\filters\2.0.235\filters-2.0.235.jar;C:\Users\ADMIN\.m2\repository\com\assertthat\selenium-shutterbug\1.4\selenium-shutterbug-1.4.jar;C:\Users\ADMIN\.m2\repository\com\github\zafarkhaja\java-semver\0.9.0\java-semver-0.9.0.jar;C:\Users\ADMIN\.m2\repository\ru\yandex\qatools\ashot\ashot\1.5.4\ashot-1.5.4.jar;C:\Users\ADMIN\.m2\repository\com\paulhammant\ngwebdriver\1.1.5\ngwebdriver-1.1.5.jar;C:\Users\ADMIN\.m2\repository\joda-time\joda-time\2.8.2\joda-time-2.8.2.jar;C:\Users\ADMIN\.m2\repository\org\hamcrest\hamcrest\2.2\hamcrest-2.2.jar;C:\Users\ADMIN\.m2\repository\com\google\jimfs\jimfs\1.1\jimfs-1.1.jar;C:\Users\ADMIN\.m2\repository\org\mockito\mockito-core\3.3.3\mockito-core-3.3.3.jar;C:\Users\ADMIN\.m2\repository\javax\xml\bind\jaxb-api\2.3.1\jaxb-api-2.3.1.jar;C:\Users\ADMIN\.m2\repository\javax\activation\javax.activation-api\1.2.0\javax.activation-api-1.2.0.jar;C:\Users\ADMIN\.m2\repository\com\sun\xml\bind\jaxb-core\2.3.0.1\jaxb-core-2.3.0.1.jar;C:\Users\ADMIN\.m2\repository\com\sun\xml\bind\jaxb-impl\2.3.3\jaxb-impl-2.3.3.jar;C:\Users\ADMIN\.m2\repository\jakarta\xml\bind\jakarta.xml.bind-api\2.3.3\jakarta.xml.bind-api-2.3.3.jar;C:\Users\ADMIN\.m2\repository\com\sun\activation\jakarta.activation\1.2.2\jakarta.activation-1.2.2.jar;C:\Users\ADMIN\.m2\repository\javax\activation\activation\1.1.1\activation-1.1.1.jar;C:\Users\ADMIN\.m2\repository\net\serenity-bdd\serenity-cucumber6\2.4.24\serenity-cucumber6-2.4.24.jar;C:\Users\ADMIN\.m2\repository\io\cucumber\cucumber-java\6.10.2\cucumber-java-6.10.2.jar;C:\Users\ADMIN\.m2\repository\org\apiguardian\apiguardian-api\1.1.1\apiguardian-api-1.1.1.jar;C:\Users\ADMIN\.m2\repository\io\cucumber\cucumber-junit\6.10.2\cucumber-junit-6.10.2.jar;C:\Users\ADMIN\.m2\repository\io\cucumber\datatable-matchers\3.4.0\datatable-matchers-3.4.0.jar;C:\Users\ADMIN\.m2\repository\io\cucumber\datatable\3.4.0\datatable-3.4.0.jar;C:\Users\ADMIN\.m2\repository\commons-logging\commons-logging\1.2\commons-logging-1.2.jar;C:\Users\ADMIN\.m2\repository\org\apache\commons\commons-csv\1.5\commons-csv-1.5.jar;C:\Users\ADMIN\.m2\repository\net\serenity-bdd\serenity-screenplay\2.4.24\serenity-screenplay-2.4.24.jar;C:\Users\ADMIN\.m2\repository\net\serenity-bdd\serenity-screenplay-webdriver\2.4.24\serenity-screenplay-webdriver-2.4.24.jar;C:\Users\ADMIN\.m2\repository\net\serenity-bdd\serenity-ensure\2.4.24\serenity-ensure-2.4.24.jar;C:\Users\ADMIN\.m2\repository\net\serenity-bdd\serenity-junit\2.4.24\serenity-junit-2.4.24.jar;C:\Users\ADMIN\.m2\repository\org\jetbrains\kotlin\kotlin-stdlib\1.4.31\kotlin-stdlib-1.4.31.jar;C:\Users\ADMIN\.m2\repository\org\jetbrains\kotlin\kotlin-stdlib-common\1.4.31\kotlin-stdlib-common-1.4.31.jar;C:\Users\ADMIN\.m2\repository\org\jetbrains\annotations\13.0\annotations-13.0.jar;C:\Users\ADMIN\.m2\repository\junit\junit\4.13.1\junit-4.13.1.jar;C:\Users\ADMIN\.m2\repository\org\hamcrest\hamcrest-core\1.3\hamcrest-core-1.3.jar;C:\Users\ADMIN\.m2\repository\org\projectlombok\lombok\1.18.12\lombok-1.18.12.jar;C:\Users\ADMIN\.m2\repository\ch\qos\logback\logback-classic\1.0.13\logback-classic-1.0.13.jar;C:\Users\ADMIN\.m2\repository\ch\qos\logback\logback-core\1.0.13\logback-core-1.0.13.jar;C:\Users\ADMIN\.m2\repository\org\slf4j\slf4j-api\1.7.5\slf4j-api-1.7.5.jar;C:\Users\ADMIN\.m2\repository\org\assertj\assertj-core\3.6.2\assertj-core-3.6.2.jar;C:\Users\ADMIN\.m2\repository\io\github\bonigarcia\webdrivermanager\4.4.3\webdrivermanager-4.4.3.jar;C:\Users\ADMIN\.m2\repository\org\apache\httpcomponents\client5\httpclient5\5.0.3\httpclient5-5.0.3.jar;C:\Users\ADMIN\.m2\repository\org\apache\httpcomponents\core5\httpcore5\5.0.2\httpcore5-5.0.2.jar;C:\Users\ADMIN\.m2\repository\org\apache\httpcomponents\core5\httpcore5-h2\5.0.2\httpcore5-h2-5.0.2.jar;C:\Users\ADMIN\.m2\repository\org\rauschig\jarchivelib\1.1.0\jarchivelib-1.1.0.jar;C:\Users\ADMIN\.m2\repository\org\apache\commons\commons-compress\1.20\commons-compress-1.20.jar;C:\Users\ADMIN\.m2\repository\org\jsoup\jsoup\1.13.1\jsoup-1.13.1.jar;C:\Users\ADMIN\.m2\repository\org\hamcrest\hamcrest-all\1.3\hamcrest-all-1.3.jar;"/>
    <property name="sun.cpu.endian" value="little"/>
    <property name="user.home" value="C:\Users\ADMIN"/>
    <property name="user.language" value="en"/>
    <property name="java.specification.vendor" value="Oracle Corporation"/>
    <property name="java.home" value="C:\Program Files (x86)\Java\jdk1.8.0_202\jre"/>
    <property name="basedir" value="C:\Users\ADMIN\Downloads\SerenityGuru99v1-20220422T181238Z-001\SerenityGuru99v1"/>
    <property name="file.separator" value="\"/>
    <property name="line.separator" value="&#10;"/>
    <property name="java.vm.specification.vendor" value="Oracle Corporation"/>
    <property name="java.specification.name" value="Java Platform API Specification"/>
    <property name="java.awt.graphicsenv" value="sun.awt.Win32GraphicsEnvironment"/>
    <property name="surefire.real.class.path" value="C:\Users\ADMIN\AppData\Local\Temp\surefire3076815969538672427\surefirebooter8251714946949443796.jar"/>
    <property name="sun.boot.class.path" value="C:\Program Files (x86)\Java\jdk1.8.0_202\jre\lib\resources.jar;C:\Program Files (x86)\Java\jdk1.8.0_202\jre\lib\rt.jar;C:\Program Files (x86)\Java\jdk1.8.0_202\jre\lib\sunrsasign.jar;C:\Program Files (x86)\Java\jdk1.8.0_202\jre\lib\jsse.jar;C:\Program Files (x86)\Java\jdk1.8.0_202\jre\lib\jce.jar;C:\Program Files (x86)\Java\jdk1.8.0_202\jre\lib\charsets.jar;C:\Program Files (x86)\Java\jdk1.8.0_202\jre\lib\jfr.jar;C:\Program Files (x86)\Java\jdk1.8.0_202\jre\classes"/>
    <property name="user.script" value=""/>
    <property name="sun.management.compiler" value="HotSpot Client Compiler"/>
    <property name="java.runtime.version" value="1.8.0_202-b08"/>
    <property name="user.name" value="ADMIN"/>
    <property name="path.separator" value=";"/>
    <property name="os.version" value="10.0"/>
    <property name="java.endorsed.dirs" value="C:\Program Files (x86)\Java\jdk1.8.0_202\jre\lib\endorsed"/>
    <property name="java.runtime.name" value="Java(TM) SE Runtime Environment"/>
    <property name="file.encoding" value="Cp1252"/>
    <property name="java.vm.name" value="Java HotSpot(TM) Client VM"/>
    <property name="localRepository" value="C:\Users\ADMIN\.m2\repository"/>
    <property name="java.vendor.url.bug" value="http://bugreport.sun.com/bugreport/"/>
    <property name="java.io.tmpdir" value="C:\Users\ADMIN\AppData\Local\Temp\"/>
    <property name="java.version" value="1.8.0_202"/>
    <property name="user.dir" value="C:\Users\ADMIN\Downloads\SerenityGuru99v1-20220422T181238Z-001\SerenityGuru99v1"/>
    <property name="os.arch" value="x86"/>
    <property name="java.vm.specification.name" value="Java Virtual Machine Specification"/>
    <property name="java.awt.printerjob" value="sun.awt.windows.WPrinterJob"/>
    <property name="sun.os.patch.level" value=""/>
    <property name="java.library.path" value="C:\Program Files (x86)\Java\jdk1.8.0_202\jre\bin;C:\WINDOWS\Sun\Java\bin;C:\WINDOWS\system32;C:\WINDOWS;C:\Program Files (x86)\Common Files\Oracle\Java\javapath;C:\Program Files\Microsoft MPI\Bin\;C:\WINDOWS\system32;C:\WINDOWS;C:\WINDOWS\System32\Wbem;C:\WINDOWS\System32\WindowsPowerShell\v1.0\;C:\WINDOWS\System32\OpenSSH\;%JAVA_HOME%\bin;C:\Program Files\dotnet\;C:\Program Files\Microsoft SQL Server\130\Tools\Binn\;C:\Program Files\Microsoft SQL Server\Client SDK\ODBC\170\Tools\Binn\;C:\Program Files (x86)\Microsoft SQL Server\150\Tools\Binn\;C:\Program Files\Microsoft SQL Server\150\Tools\Binn\;C:\Program Files (x86)\Microsoft SQL Server\150\DTS\Binn\;C:\Program Files\Microsoft SQL Server\150\DTS\Binn\;C:\Program Files\Azure Data Studio\bin;C:\Program Files\nodejs\;C:\Program Files\Git\cmd;C:\Program Files\Tools\Maven\apache-maven-3.8.5\bin;%ALLURE_HOME%\bin;C:\Users\ADMIN\scoop\shims;C:\Users\ADMIN\AppData\Local\Microsoft\WindowsApps;C:\Users\ADMIN\.dotnet\tools;C:\Program Files\Azure Data Studio\bin;C:\Users\ADMIN\AppData\Local\Programs\Microsoft VS Code\bin;C:\Users\ADMIN\AppData\Roaming\npm;."/>
    <property name="java.vm.info" value="mixed mode, sharing"/>
    <property name="java.vendor" value="Oracle Corporation"/>
    <property name="java.vm.version" value="25.202-b08"/>
    <property name="java.ext.dirs" value="C:\Program Files (x86)\Java\jdk1.8.0_202\jre\lib\ext;C:\WINDOWS\Sun\Java\lib\ext"/>
    <property name="sun.io.unicode.encoding" value="UnicodeLittle"/>
    <property name="java.class.version" value="52.0"/>
  </properties>
  <testcase name="the user logins unsuccessfully #1" classname="The user logins incorrect username and password" time="13.927">
    <system-out><![CDATA[21:46:51.067 [main] DEBUG n.t.c.u.PropertiesFileLocalPreferences - webdriver.autodownload=true
21:46:51.070 [main] DEBUG n.t.c.u.PropertiesFileLocalPreferences - serenity.restart.browser.for.each=scenario
21:46:51.070 [main] DEBUG n.t.c.u.PropertiesFileLocalPreferences - webdriver.driver=chrome
21:46:51.070 [main] DEBUG n.t.c.u.PropertiesFileLocalPreferences - serenity.console.colors=true
21:46:51.070 [main] DEBUG n.t.c.u.PropertiesFileLocalPreferences - webdriver.base.url=https://demo.guru99.com/v1
21:46:51.070 [main] DEBUG n.t.c.u.PropertiesFileLocalPreferences - serenity.take.screenshots=FOR_FAILURES
21:46:51.798 [main] INFO  i.c.core.plugin.SerenityReporter - Running feature from file:///C:/Users/ADMIN/Downloads/SerenityGuru99v1-20220422T181238Z-001/SerenityGuru99v1/src/test/resources/features/login/login_incorrect_username_password.feature
21:46:52.018 [main] DEBUG n.t.c.u.PropertiesFileLocalPreferences - webdriver.autodownload=true
21:46:52.018 [main] DEBUG n.t.c.u.PropertiesFileLocalPreferences - serenity.restart.browser.for.each=scenario
21:46:52.018 [main] DEBUG n.t.c.u.PropertiesFileLocalPreferences - webdriver.driver=chrome
21:46:52.018 [main] DEBUG n.t.c.u.PropertiesFileLocalPreferences - serenity.console.colors=true
21:46:52.018 [main] DEBUG n.t.c.u.PropertiesFileLocalPreferences - webdriver.base.url=https://demo.guru99.com/v1
21:46:52.018 [main] DEBUG n.t.c.u.PropertiesFileLocalPreferences - serenity.take.screenshots=FOR_FAILURES
21:46:52.026 [main] INFO   - &amp#27;[96m

-------------------------------------------------------------------------------------
     _______. _______ .______       _______ .__   __.  __  .___________.____    ____ 
    /       ||   ____||   _  \     |   ____||  \ |  | |  | |           |\   \  /   / 
   |   (----`|  |__   |  |_)  |    |  |__   |   \|  | |  | `---|  |----` \   \/   /  
    \   \    |   __|  |      /     |   __|  |  . `  | |  |     |  |       \_    _/   
.----)   |   |  |____ |  |\  \----.|  |____ |  |\   | |  |     |  |         |  |     
|_______/    |_______|| _| `._____||_______||__| \__| |__|     |__|         |__|    
                                                                                     
 News and tutorials at http://www.serenity-bdd.info                                  
 Documentation at https://wakaleo.gitbooks.io/the-serenity-book/content/             
 Join the Serenity Community on Gitter: https://gitter.im/serenity-bdd/serenity-core 
 Serenity BDD Support and Training at http://serenity-bdd.info/#/trainingandsupport  
-------------------------------------------------------------------------------------
&amp#27;[0m
21:46:52.031 [main] DEBUG n.thucydides.core.steps.StepEventBus - Test suite started for story net.thucydides.core.model.Story@4c58c7b3
21:46:52.034 [main] INFO   - Test Suite Started: The user logins incorrect username and password
21:46:52.076 [main] INFO  i.c.core.plugin.SerenityReporter - Running feature from file:///C:/Users/ADMIN/Downloads/SerenityGuru99v1-20220422T181238Z-001/SerenityGuru99v1/src/test/resources/features/login/login_success.feature
21:46:52.081 [main] DEBUG n.thucydides.core.steps.StepEventBus - Test suite started for story net.thucydides.core.model.Story@d3ed2c4b
21:46:52.082 [main] INFO   - Test Suite Started: The user logins successfully
21:46:52.315 [main] INFO  i.c.core.plugin.SerenityReporter - Running feature from file:///C:/Users/ADMIN/Downloads/SerenityGuru99v1-20220422T181238Z-001/SerenityGuru99v1/src/test/resources/features/login/login_incorrect_username_password.feature
21:46:52.436 [main] INFO   - 
  _____   ___   ___   _____     ___   _____     _     ___   _____   ___   ___  
 |_   _| | __| / __| |_   _|   / __| |_   _|   /_\   | _ \ |_   _| | __| |   \ 
   | |   | _|  \__ \   | |     \__ \   | |    / _ \  |   /   | |   | _|  | |) |
   |_|   |___| |___/   |_|     |___/   |_|   /_/ \_\ |_|_\   |_|   |___| |___/ 

the user logins unsuccessfully(the-user-logins-incorrect-username-and-password;the-user-logins-unsuccessfully)
--------------------------------------------------------------------------------
21:46:52.514 [main] DEBUG n.t.c.r.m.cucumber.CucumberParser - Added feature The user logins incorrect username and password
21:46:52.528 [main] DEBUG n.t.c.r.m.cucumber.CucumberParser - Added feature The user logins successfully
21:46:52.639 [main] DEBUG n.t.c.u.PropertiesFileLocalPreferences - webdriver.autodownload=true
21:46:52.640 [main] DEBUG n.t.c.u.PropertiesFileLocalPreferences - serenity.restart.browser.for.each=scenario
21:46:52.640 [main] DEBUG n.t.c.u.PropertiesFileLocalPreferences - webdriver.driver=chrome
21:46:52.640 [main] DEBUG n.t.c.u.PropertiesFileLocalPreferences - serenity.console.colors=true
21:46:52.640 [main] DEBUG n.t.c.u.PropertiesFileLocalPreferences - webdriver.base.url=https://demo.guru99.com/v1
21:46:52.640 [main] DEBUG n.t.c.u.PropertiesFileLocalPreferences - serenity.take.screenshots=FOR_FAILURES
21:46:52.688 [main] INFO  n.s.c.w.d.ChromeDriverProvider - Using automatically driver download
21:46:53.240 [main] DEBUG i.g.b.wdm.cache.ResolutionCache - Resolution chrome=100 in cache (valid until 22:34:44 25/04/2022 ICT)
21:46:53.241 [main] DEBUG i.g.b.wdm.cache.ResolutionCache - Resolution chrome100=100.0.4896.60 in cache (valid until 21:34:44 26/04/2022 ICT)
21:46:53.241 [main] INFO  i.g.bonigarcia.wdm.WebDriverManager - Using chromedriver 100.0.4896.60 (resolved driver for Chrome 100)
21:46:53.249 [main] DEBUG i.g.bonigarcia.wdm.WebDriverManager - Driver chromedriver 100.0.4896.60 found in cache
21:46:53.250 [main] INFO  i.g.bonigarcia.wdm.WebDriverManager - Exporting webdriver.chrome.driver as C:\Users\ADMIN\.cache\selenium\chromedriver\win32\100.0.4896.60\chromedriver.exe
21:46:53.840 [main] INFO  n.s.c.w.d.ProvideNewDriver - Instantiating driver
21:46:53.841 [main] INFO  n.s.c.w.d.ProvideNewDriver - Driver capabilities: Capabilities {acceptInsecureCerts: false, browserName: chrome, goog:chromeOptions: {args: [], extensions: []}, loggingPrefs: org.openqa.selenium.logging...}
21:47:01.251 [main] DEBUG n.t.core.steps.StepInterceptor - STARTING STEP: LoginStepDef.user_types_username_and_password - typeUsernameAndPassword
21:47:02.333 [main] DEBUG n.t.core.steps.StepInterceptor - STEP DONE: typeUsernameAndPassword
21:47:02.344 [main] DEBUG n.t.core.steps.StepInterceptor - STARTING STEP: LoginStepDef.user_presses_Enter_button - pressENTERFromPasswordField
21:47:04.003 [main] DEBUG n.t.core.steps.StepInterceptor - STEP DONE: pressENTERFromPasswordField
21:47:04.031 [main] DEBUG n.t.core.steps.StepInterceptor - STARTING STEP: LoginStepDef.the_windows_alert_is_shown_that_and_the_user_is_navigated_back_to_the_page - checkTheTitleAndAlertAfterLoggingUnsuccessfully
21:47:05.344 [main] DEBUG n.t.core.steps.StepInterceptor - STEP DONE: checkTheTitleAndAlertAfterLoggingUnsuccessfully
21:47:05.997 [main] INFO   - &amp#27;[92m
  _____   ___   ___   _____     ___     _     ___   ___   ___   ___  
 |_   _| | __| / __| |_   _|   | _ \   /_\   / __| / __| | __| |   \ 
   | |   | _|  \__ \   | |     |  _/  / _ \  \__ \ \__ \ | _|  | |) |
   |_|   |___| |___/   |_|     |_|   /_/ \_\ |___/ |___/ |___| |___/ 

the user logins unsuccessfully
----------------------------------------------------------------------&amp#27;[0m
]]></system-out>
    <system-err><![CDATA[Starting ChromeDriver 100.0.4896.60 (6a5d10861ce8de5fce22564658033b43cb7de047-refs/branch-heads/4896@{#875}) on port 3402
Only local connections are allowed.
Please see https://chromedriver.chromium.org/security-considerations for suggestions on keeping ChromeDriver safe.
ChromeDriver was started successfully.
Apr 25, 2022 9:46:55 PM org.openqa.selenium.remote.ProtocolHandshake createSession
INFO: Detected dialect: W3C
]]></system-err>
  </testcase>
  <testcase name="the user logins unsuccessfully #2" classname="The user logins incorrect username and password" time="11.498">
    <system-out><![CDATA[21:47:06.002 [main] INFO  i.c.core.plugin.SerenityReporter - Running feature from file:///C:/Users/ADMIN/Downloads/SerenityGuru99v1-20220422T181238Z-001/SerenityGuru99v1/src/test/resources/features/login/login_incorrect_username_password.feature
21:47:06.013 [main] DEBUG n.t.c.u.PropertiesFileLocalPreferences - webdriver.autodownload=true
21:47:06.014 [main] DEBUG n.t.c.u.PropertiesFileLocalPreferences - serenity.restart.browser.for.each=scenario
21:47:06.014 [main] DEBUG n.t.c.u.PropertiesFileLocalPreferences - webdriver.driver=chrome
21:47:06.014 [main] DEBUG n.t.c.u.PropertiesFileLocalPreferences - serenity.console.colors=true
21:47:06.014 [main] DEBUG n.t.c.u.PropertiesFileLocalPreferences - webdriver.base.url=https://demo.guru99.com/v1
21:47:06.014 [main] DEBUG n.t.c.u.PropertiesFileLocalPreferences - serenity.take.screenshots=FOR_FAILURES
21:47:06.015 [main] INFO  n.s.c.w.d.ChromeDriverProvider - Using automatically driver download
21:47:06.022 [main] DEBUG i.g.b.wdm.cache.ResolutionCache - Resolution chrome=100 in cache (valid until 22:34:44 25/04/2022 ICT)
21:47:06.023 [main] DEBUG i.g.b.wdm.cache.ResolutionCache - Resolution chrome100=100.0.4896.60 in cache (valid until 21:34:44 26/04/2022 ICT)
21:47:06.023 [main] INFO  i.g.bonigarcia.wdm.WebDriverManager - Using chromedriver 100.0.4896.60 (resolved driver for Chrome 100)
21:47:06.030 [main] DEBUG i.g.bonigarcia.wdm.WebDriverManager - Driver chromedriver 100.0.4896.60 found in cache
21:47:06.031 [main] INFO  i.g.bonigarcia.wdm.WebDriverManager - Exporting webdriver.chrome.driver as C:\Users\ADMIN\.cache\selenium\chromedriver\win32\100.0.4896.60\chromedriver.exe
21:47:06.293 [main] INFO  n.s.c.w.d.ProvideNewDriver - Instantiating driver
21:47:06.294 [main] INFO  n.s.c.w.d.ProvideNewDriver - Driver capabilities: Capabilities {acceptInsecureCerts: false, browserName: chrome, goog:chromeOptions: {args: [], extensions: []}, loggingPrefs: org.openqa.selenium.logging...}
21:47:13.031 [main] DEBUG n.t.core.steps.StepInterceptor - STARTING STEP: LoginStepDef.user_types_username_and_password - typeUsernameAndPassword
21:47:14.389 [main] DEBUG n.t.core.steps.StepInterceptor - STEP DONE: typeUsernameAndPassword
21:47:14.404 [main] DEBUG n.t.core.steps.StepInterceptor - STARTING STEP: LoginStepDef.user_presses_Enter_button - pressENTERFromPasswordField
21:47:15.224 [main] DEBUG n.t.core.steps.StepInterceptor - STEP DONE: pressENTERFromPasswordField
21:47:15.244 [main] DEBUG n.t.core.steps.StepInterceptor - STARTING STEP: LoginStepDef.the_windows_alert_is_shown_that_and_the_user_is_navigated_back_to_the_page - checkTheTitleAndAlertAfterLoggingUnsuccessfully
21:47:16.724 [main] DEBUG n.t.core.steps.StepInterceptor - STEP DONE: checkTheTitleAndAlertAfterLoggingUnsuccessfully
21:47:17.481 [main] INFO   - &amp#27;[92m
  _____   ___   ___   _____     ___     _     ___   ___   ___   ___  
 |_   _| | __| / __| |_   _|   | _ \   /_\   / __| / __| | __| |   \ 
   | |   | _|  \__ \   | |     |  _/  / _ \  \__ \ \__ \ | _|  | |) |
   |_|   |___| |___/   |_|     |_|   /_/ \_\ |___/ |___/ |___| |___/ 

the user logins unsuccessfully
----------------------------------------------------------------------&amp#27;[0m
]]></system-out>
    <system-err><![CDATA[Starting ChromeDriver 100.0.4896.60 (6a5d10861ce8de5fce22564658033b43cb7de047-refs/branch-heads/4896@{#875}) on port 29679
Only local connections are allowed.
Please see https://chromedriver.chromium.org/security-considerations for suggestions on keeping ChromeDriver safe.
ChromeDriver was started successfully.
Apr 25, 2022 9:47:07 PM org.openqa.selenium.remote.ProtocolHandshake createSession
INFO: Detected dialect: W3C
]]></system-err>
  </testcase>
  <testcase name="the user logins unsuccessfully #3" classname="The user logins incorrect username and password" time="12.472">
    <system-out><![CDATA[21:47:17.487 [main] INFO  i.c.core.plugin.SerenityReporter - Running feature from file:///C:/Users/ADMIN/Downloads/SerenityGuru99v1-20220422T181238Z-001/SerenityGuru99v1/src/test/resources/features/login/login_incorrect_username_password.feature
21:47:17.513 [main] DEBUG n.t.c.u.PropertiesFileLocalPreferences - webdriver.autodownload=true
21:47:17.513 [main] DEBUG n.t.c.u.PropertiesFileLocalPreferences - serenity.restart.browser.for.each=scenario
21:47:17.514 [main] DEBUG n.t.c.u.PropertiesFileLocalPreferences - webdriver.driver=chrome
21:47:17.514 [main] DEBUG n.t.c.u.PropertiesFileLocalPreferences - serenity.console.colors=true
21:47:17.514 [main] DEBUG n.t.c.u.PropertiesFileLocalPreferences - webdriver.base.url=https://demo.guru99.com/v1
21:47:17.514 [main] DEBUG n.t.c.u.PropertiesFileLocalPreferences - serenity.take.screenshots=FOR_FAILURES
21:47:17.515 [main] INFO  n.s.c.w.d.ChromeDriverProvider - Using automatically driver download
21:47:17.539 [main] DEBUG i.g.b.wdm.cache.ResolutionCache - Resolution chrome=100 in cache (valid until 22:34:44 25/04/2022 ICT)
21:47:17.540 [main] DEBUG i.g.b.wdm.cache.ResolutionCache - Resolution chrome100=100.0.4896.60 in cache (valid until 21:34:44 26/04/2022 ICT)
21:47:17.540 [main] INFO  i.g.bonigarcia.wdm.WebDriverManager - Using chromedriver 100.0.4896.60 (resolved driver for Chrome 100)
21:47:17.550 [main] DEBUG i.g.bonigarcia.wdm.WebDriverManager - Driver chromedriver 100.0.4896.60 found in cache
21:47:17.552 [main] INFO  i.g.bonigarcia.wdm.WebDriverManager - Exporting webdriver.chrome.driver as C:\Users\ADMIN\.cache\selenium\chromedriver\win32\100.0.4896.60\chromedriver.exe
21:47:18.120 [main] INFO  n.s.c.w.d.ProvideNewDriver - Instantiating driver
21:47:18.120 [main] INFO  n.s.c.w.d.ProvideNewDriver - Driver capabilities: Capabilities {acceptInsecureCerts: false, browserName: chrome, goog:chromeOptions: {args: [], extensions: []}, loggingPrefs: org.openqa.selenium.logging...}
21:47:24.805 [main] DEBUG n.t.core.steps.StepInterceptor - STARTING STEP: LoginStepDef.user_types_username_and_password - typeUsernameAndPassword
21:47:26.286 [main] DEBUG n.t.core.steps.StepInterceptor - STEP DONE: typeUsernameAndPassword
21:47:26.300 [main] DEBUG n.t.core.steps.StepInterceptor - STARTING STEP: LoginStepDef.user_presses_Enter_button - pressENTERFromPasswordField
21:47:27.712 [main] DEBUG n.t.core.steps.StepInterceptor - STEP DONE: pressENTERFromPasswordField
21:47:27.720 [main] DEBUG n.t.core.steps.StepInterceptor - STARTING STEP: LoginStepDef.the_windows_alert_is_shown_that_and_the_user_is_navigated_back_to_the_page - checkTheTitleAndAlertAfterLoggingUnsuccessfully
21:47:29.162 [main] DEBUG n.t.core.steps.StepInterceptor - STEP DONE: checkTheTitleAndAlertAfterLoggingUnsuccessfully
]]></system-out>
    <system-err><![CDATA[Starting ChromeDriver 100.0.4896.60 (6a5d10861ce8de5fce22564658033b43cb7de047-refs/branch-heads/4896@{#875}) on port 49147
Only local connections are allowed.
Please see https://chromedriver.chromium.org/security-considerations for suggestions on keeping ChromeDriver safe.
ChromeDriver was started successfully.
Apr 25, 2022 9:47:20 PM org.openqa.selenium.remote.ProtocolHandshake createSession
INFO: Detected dialect: W3C
]]></system-err>
  </testcase>
  <testcase name="the user logins unsuccessfully #4" classname="The user logins incorrect username and password" time="10.041">
    <system-out><![CDATA[21:47:29.891 [main] INFO  i.c.core.plugin.SerenityReporter - Running feature from file:///C:/Users/ADMIN/Downloads/SerenityGuru99v1-20220422T181238Z-001/SerenityGuru99v1/src/test/resources/features/login/login_incorrect_username_password.feature
21:47:29.926 [main] DEBUG n.t.c.u.PropertiesFileLocalPreferences - webdriver.autodownload=true
21:47:29.926 [main] DEBUG n.t.c.u.PropertiesFileLocalPreferences - serenity.restart.browser.for.each=scenario
21:47:29.926 [main] DEBUG n.t.c.u.PropertiesFileLocalPreferences - webdriver.driver=chrome
21:47:29.927 [main] DEBUG n.t.c.u.PropertiesFileLocalPreferences - serenity.console.colors=true
21:47:29.927 [main] DEBUG n.t.c.u.PropertiesFileLocalPreferences - webdriver.base.url=https://demo.guru99.com/v1
21:47:29.927 [main] DEBUG n.t.c.u.PropertiesFileLocalPreferences - serenity.take.screenshots=FOR_FAILURES
21:47:29.931 [main] INFO  n.s.c.w.d.ChromeDriverProvider - Using automatically driver download
21:47:29.970 [main] DEBUG i.g.b.wdm.cache.ResolutionCache - Resolution chrome=100 in cache (valid until 22:34:44 25/04/2022 ICT)
21:47:29.972 [main] DEBUG i.g.b.wdm.cache.ResolutionCache - Resolution chrome100=100.0.4896.60 in cache (valid until 21:34:44 26/04/2022 ICT)
21:47:29.972 [main] INFO  i.g.bonigarcia.wdm.WebDriverManager - Using chromedriver 100.0.4896.60 (resolved driver for Chrome 100)
21:47:29.994 [main] DEBUG i.g.bonigarcia.wdm.WebDriverManager - Driver chromedriver 100.0.4896.60 found in cache
21:47:29.997 [main] INFO  i.g.bonigarcia.wdm.WebDriverManager - Exporting webdriver.chrome.driver as C:\Users\ADMIN\.cache\selenium\chromedriver\win32\100.0.4896.60\chromedriver.exe
21:47:30.402 [main] INFO  n.s.c.w.d.ProvideNewDriver - Instantiating driver
21:47:30.402 [main] INFO  n.s.c.w.d.ProvideNewDriver - Driver capabilities: Capabilities {acceptInsecureCerts: false, browserName: chrome, goog:chromeOptions: {args: [], extensions: []}, loggingPrefs: org.openqa.selenium.logging...}
21:47:35.811 [main] DEBUG n.t.core.steps.StepInterceptor - STARTING STEP: LoginStepDef.user_types_username_and_password - typeUsernameAndPassword
21:47:36.636 [main] DEBUG n.t.core.steps.StepInterceptor - STEP DONE: typeUsernameAndPassword
21:47:36.641 [main] DEBUG n.t.core.steps.StepInterceptor - STARTING STEP: LoginStepDef.user_presses_Enter_button - pressENTERFromPasswordField
21:47:38.015 [main] DEBUG n.t.core.steps.StepInterceptor - STEP DONE: pressENTERFromPasswordField
21:47:38.030 [main] DEBUG n.t.core.steps.StepInterceptor - STARTING STEP: LoginStepDef.the_windows_alert_is_shown_that_and_the_user_is_navigated_back_to_the_page - checkTheTitleAndAlertAfterLoggingUnsuccessfully
21:47:39.256 [main] DEBUG n.t.core.steps.StepInterceptor - STEP DONE: checkTheTitleAndAlertAfterLoggingUnsuccessfully
]]></system-out>
    <system-err><![CDATA[Starting ChromeDriver 100.0.4896.60 (6a5d10861ce8de5fce22564658033b43cb7de047-refs/branch-heads/4896@{#875}) on port 45696
Only local connections are allowed.
Please see https://chromedriver.chromium.org/security-considerations for suggestions on keeping ChromeDriver safe.
ChromeDriver was started successfully.
Apr 25, 2022 9:47:31 PM org.openqa.selenium.remote.ProtocolHandshake createSession
INFO: Detected dialect: W3C
]]></system-err>
  </testcase>
  <testcase name="the user logins successfully" classname="The user logins successfully" time="9.752">
    <system-out><![CDATA[21:47:39.988 [main] INFO  i.c.core.plugin.SerenityReporter - Running feature from file:///C:/Users/ADMIN/Downloads/SerenityGuru99v1-20220422T181238Z-001/SerenityGuru99v1/src/test/resources/features/login/login_success.feature
21:47:39.995 [main] INFO   - 
  _____   ___   ___   _____     ___   _____     _     ___   _____   ___   ___  
 |_   _| | __| / __| |_   _|   / __| |_   _|   /_\   | _ \ |_   _| | __| |   \ 
   | |   | _|  \__ \   | |     \__ \   | |    / _ \  |   /   | |   | _|  | |) |
   |_|   |___| |___/   |_|     |___/   |_|   /_/ \_\ |_|_\   |_|   |___| |___/ 

the user logins successfully(the-user-logins-successfully;the-user-logins-successfully)
--------------------------------------------------------------------------------
21:47:40.021 [main] DEBUG n.t.c.u.PropertiesFileLocalPreferences - webdriver.autodownload=true
21:47:40.021 [main] DEBUG n.t.c.u.PropertiesFileLocalPreferences - serenity.restart.browser.for.each=scenario
21:47:40.021 [main] DEBUG n.t.c.u.PropertiesFileLocalPreferences - webdriver.driver=chrome
21:47:40.021 [main] DEBUG n.t.c.u.PropertiesFileLocalPreferences - serenity.console.colors=true
21:47:40.021 [main] DEBUG n.t.c.u.PropertiesFileLocalPreferences - webdriver.base.url=https://demo.guru99.com/v1
21:47:40.022 [main] DEBUG n.t.c.u.PropertiesFileLocalPreferences - serenity.take.screenshots=FOR_FAILURES
21:47:40.024 [main] INFO  n.s.c.w.d.ChromeDriverProvider - Using automatically driver download
21:47:40.041 [main] DEBUG i.g.b.wdm.cache.ResolutionCache - Resolution chrome=100 in cache (valid until 22:34:44 25/04/2022 ICT)
21:47:40.042 [main] DEBUG i.g.b.wdm.cache.ResolutionCache - Resolution chrome100=100.0.4896.60 in cache (valid until 21:34:44 26/04/2022 ICT)
21:47:40.043 [main] INFO  i.g.bonigarcia.wdm.WebDriverManager - Using chromedriver 100.0.4896.60 (resolved driver for Chrome 100)
21:47:40.047 [main] DEBUG i.g.bonigarcia.wdm.WebDriverManager - Driver chromedriver 100.0.4896.60 found in cache
21:47:40.048 [main] INFO  i.g.bonigarcia.wdm.WebDriverManager - Exporting webdriver.chrome.driver as C:\Users\ADMIN\.cache\selenium\chromedriver\win32\100.0.4896.60\chromedriver.exe
21:47:40.303 [main] INFO  n.s.c.w.d.ProvideNewDriver - Instantiating driver
21:47:40.304 [main] INFO  n.s.c.w.d.ProvideNewDriver - Driver capabilities: Capabilities {acceptInsecureCerts: false, browserName: chrome, goog:chromeOptions: {args: [], extensions: []}, loggingPrefs: org.openqa.selenium.logging...}
21:47:45.620 [main] DEBUG n.t.core.steps.StepInterceptor - STARTING STEP: LoginStepDef.user_types_username_and_password - typeUsernameAndPassword
21:47:46.684 [main] DEBUG n.t.core.steps.StepInterceptor - STEP DONE: typeUsernameAndPassword
21:47:46.694 [main] DEBUG n.t.core.steps.StepInterceptor - STARTING STEP: LoginStepDef.user_clicks_on_login_button - clickLoginButton
21:47:49.046 [main] DEBUG n.t.core.steps.StepInterceptor - STEP DONE: clickLoginButton
21:47:49.052 [main] DEBUG n.t.core.steps.StepInterceptor - STARTING STEP: LoginStepDef.the_page_is_opened - checkTheTitlePageAfterSuccessfullyLogging
21:47:49.084 [main] DEBUG n.t.core.steps.StepInterceptor - STEP DONE: checkTheTitlePageAfterSuccessfullyLogging
21:47:49.716 [main] INFO   - &amp#27;[92m
  _____   ___   ___   _____     ___     _     ___   ___   ___   ___  
 |_   _| | __| / __| |_   _|   | _ \   /_\   / __| / __| | __| |   \ 
   | |   | _|  \__ \   | |     |  _/  / _ \  \__ \ \__ \ | _|  | |) |
   |_|   |___| |___/   |_|     |_|   /_/ \_\ |___/ |___/ |___| |___/ 

the user logins successfully
----------------------------------------------------------------------&amp#27;[0m
]]></system-out>
    <system-err><![CDATA[Starting ChromeDriver 100.0.4896.60 (6a5d10861ce8de5fce22564658033b43cb7de047-refs/branch-heads/4896@{#875}) on port 44748
Only local connections are allowed.
Please see https://chromedriver.chromium.org/security-considerations for suggestions on keeping ChromeDriver safe.
ChromeDriver was started successfully.
Apr 25, 2022 9:47:41 PM org.openqa.selenium.remote.ProtocolHandshake createSession
INFO: Detected dialect: W3C
]]></system-err>
  </testcase>
</testsuite>